<?xml version="1.0" encoding="UTF-8"?>
<!-- Generated by org.testng.reporters.JUnitReportReporter -->
<testsuite hostname="DESKTOP-HEH3CH7" failures="0" tests="1" name="rahulshettyacademy.Tests.ErrorValidation" time="11.787" errors="0" timestamp="2025-03-11T12:53:43 IST" skipped="0">
  <testcase classname="rahulshettyacademy.Tests.ErrorValidation" name="errorValidation" time="11.787"/>
</testsuite> <!-- rahulshettyacademy.Tests.ErrorValidation -->
