<?xml version="1.0" encoding="UTF-8"?>
<!-- Generated by org.testng.reporters.JUnitReportReporter -->
<testsuite hostname="DESKTOP-HEH3CH7" failures="0" tests="2" name="rahulshettyacademy.Tests.SubmitOrderTest" time="26.408" errors="0" timestamp="2025-03-11T13:15:42 IST" skipped="0">
  <testcase classname="rahulshettyacademy.Tests.SubmitOrderTest" name="SubmitOrder" time="15.370"/>
  <testcase classname="rahulshettyacademy.Tests.SubmitOrderTest" name="SubmitOrder" time="11.038"/>
</testsuite> <!-- rahulshettyacademy.Tests.SubmitOrderTest -->
